01:29:03 **** Build of configuration Debug for project Project ****
make -j16 all 
arm-none-eabi-gcc "../stm32f767_startup.c" -mcpu=cortex-m7 -std=gnu18 -g3 -DDEBUG -DSTM32 -DSTM32F767IGTx -DSTM32F7 -c -I"E:/GIt/ALIENTEK-STM32F767-/STM32F767_DriverLib" -I"E:/GIt/ALIENTEK-STM32F767-/STM32F767_ApplicationLib" -O0 -ffunction-sections -fdata-sections -Wall -Wextra -pedantic -Wmissing-include-dirs -Wswitch-default -Wswitch-enum -Wconversion -v -fstack-usage -MMD -MP -MF"stm32f767_startup.d" -MT"stm32f767_startup.o" --specs=nano.specs -mfpu=fpv5-d16 -mfloat-abi=hard -mthumb -o "stm32f767_startup.o"
Using built-in specs.
Reading specs from d:/st/stm32cubeide_1.7.0/stm32cubeide/plugins/com.st.stm32cube.ide.mcu.externaltools.gnu-tools-for-stm32.10.3-2021.10.win32_1.0.0.202111181127/tools/bin/../lib/gcc/arm-none-eabi/10.3.1/../../../../arm-none-eabi/lib/nano.specs
rename spec link to nano_link
rename spec link_gcc_c_sequence to nano_link_gcc_c_sequence
rename spec cpp_unique_options to nano_cpp_unique_options
COLLECT_GCC=arm-none-eabi-gcc
Target: arm-none-eabi
Configured with: /build/gnu-tools-for-stm32_10.3-2021.10.20211105-1100/src/gcc/configure --build=x86_64-linux-gnu --host=x86_64-w64-mingw32 --target=arm-none-eabi --prefix=/build/gnu-tools-for-stm32_10.3-2021.10.20211105-1100/install-mingw --libexecdir=/build/gnu-tools-for-stm32_10.3-2021.10.20211105-1100/install-mingw/lib --infodir=/build/gnu-tools-for-stm32_10.3-2021.10.20211105-1100/install-mingw/share/doc/gcc-arm-none-eabi/info --mandir=/build/gnu-tools-for-stm32_10.3-2021.10.20211105-1100/install-mingw/share/doc/gcc-arm-none-eabi/man --htmldir=/build/gnu-tools-for-stm32_10.3-2021.10.20211105-1100/install-mingw/share/doc/gcc-arm-none-eabi/html --pdfdir=/build/gnu-tools-for-stm32_10.3-2021.10.20211105-1100/install-mingw/share/doc/gcc-arm-none-eabi/pdf --enable-languages=c,c++ --enable-mingw-wildcard --disable-decimal-float --disable-libffi --disable-libgomp --disable-libmudflap --disable-libquadmath --disable-libssp --disable-libstdcxx-pch --disable-nls --disable-shared --disable-threads --disable-tls --with-gnu-as --with-gnu-ld --with-headers=yes --with-newlib --with-python-dir=share/gcc-arm-none-eabi --with-sysroot=/build/gnu-tools-for-stm32_10.3-2021.10.20211105-1100/install-mingw/arm-none-eabi --with-libiconv-prefix=/build/gnu-tools-for-stm32_10.3-2021.10.20211105-1100/build-mingw/host-libs/usr --with-gmp=/build/gnu-tools-for-stm32_10.3-2021.10.20211105-1100/build-mingw/host-libs/usr --with-mpfr=/build/gnu-tools-for-stm32_10.3-2021.10.20211105-1100/build-mingw/host-libs/usr --with-mpc=/build/gnu-tools-for-stm32_10.3-2021.10.20211105-1100/build-mingw/host-libs/usr --with-isl=/build/gnu-tools-for-stm32_10.3-2021.10.20211105-1100/build-mingw/host-libs/usr --with-libelf=/build/gnu-tools-for-stm32_10.3-2021.10.20211105-1100/build-mingw/host-libs/usr --with-host-libstdcxx='-static-libgcc -Wl,-Bstatic,-lstdc++,-Bdynamic -lm' --with-pkgversion='GNU Tools for STM32 10.3-2021.10.20211105-1100' --with-multilib-list=rmprofile,aprofile
Thread model: single
Supported LTO compression algorithms: zlib
gcc version 10.3.1 20210824 (release) (GNU Tools for STM32 10.3-2021.10.20211105-1100) 
COLLECT_GCC_OPTIONS='-mcpu=cortex-m7' '-std=gnu17' '-g3' '-D' 'DEBUG' '-D' 'STM32' '-D' 'STM32F767IGTx' '-D' 'STM32F7' '-c' '-I' 'E:/GIt/ALIENTEK-STM32F767-/STM32F767_DriverLib' '-I' 'E:/GIt/ALIENTEK-STM32F767-/STM32F767_ApplicationLib' '-O0' '-ffunction-sections' '-fdata-sections' '-Wall' '-Wextra' '-Wpedantic' '-Wmissing-include-dirs' '-Wswitch-default' '-Wswitch-enum' '-Wconversion' '-v' '-fstack-usage' '-MMD' '-MP' '-MF' 'stm32f767_startup.d' '-MT' 'stm32f767_startup.o' '-specs=nano.specs' '-mfpu=fpv5-d16' '-mfloat-abi=hard' '-mthumb' '-o' 'stm32f767_startup.o' '-mlibarch=armv7e-m+fp.dp' '-march=armv7e-m+fp.dp'
 d:/st/stm32cubeide_1.7.0/stm32cubeide/plugins/com.st.stm32cube.ide.mcu.externaltools.gnu-tools-for-stm32.10.3-2021.10.win32_1.0.0.202111181127/tools/bin/../lib/gcc/arm-none-eabi/10.3.1/cc1.exe -isystem =/include/newlib-nano -quiet -v -I E:/GIt/ALIENTEK-STM32F767-/STM32F767_DriverLib -I E:/GIt/ALIENTEK-STM32F767-/STM32F767_ApplicationLib -imultilib thumb/v7e-m+dp/hard -iprefix d:\st\stm32cubeide_1.7.0\stm32cubeide\plugins\com.st.stm32cube.ide.mcu.externaltools.gnu-tools-for-stm32.10.3-2021.10.win32_1.0.0.202111181127\tools\bin\../lib/gcc/arm-none-eabi/10.3.1/ -isysroot d:\st\stm32cubeide_1.7.0\stm32cubeide\plugins\com.st.stm32cube.ide.mcu.externaltools.gnu-tools-for-stm32.10.3-2021.10.win32_1.0.0.202111181127\tools\bin\../arm-none-eabi -MMD stm32f767_startup.d -MF stm32f767_startup.d -MP -MT stm32f767_startup.o -dD -D__USES_INITFINI__ -D DEBUG -D STM32 -D STM32F767IGTx -D STM32F7 ../stm32f767_startup.c -quiet -dumpbase stm32f767_startup.c -mcpu=cortex-m7 -mfpu=fpv5-d16 -mfloat-abi=hard -mthumb -mlibarch=armv7e-m+fp.dp -march=armv7e-m+fp.dp -auxbase-strip stm32f767_startup.o -g3 -O0 -Wall -Wextra -Wpedantic -Wmissing-include-dirs -Wswitch-default -Wswitch-enum -Wconversion -std=gnu17 -version -ffunction-sections -fdata-sections -fstack-usage -o C:\Users\INDEVI~1\AppData\Local\Temp\cc1Z9tdN.s
GNU C17 (GNU Tools for STM32 10.3-2021.10.20211105-1100) version 10.3.1 20210824 (release) (arm-none-eabi)
	compiled by GNU C version 7.3-win32 20180312, GMP version 6.1.0, MPFR version 3.1.4, MPC version 1.0.3, isl version isl-0.18-GMP

GGC heuristics: --param ggc-min-expand=100 --param ggc-min-heapsize=131072
ignoring duplicate directory "d:/st/stm32cubeide_1.7.0/stm32cubeide/plugins/com.st.stm32cube.ide.mcu.externaltools.gnu-tools-for-stm32.10.3-2021.10.win32_1.0.0.202111181127/tools/lib/gcc/../../lib/gcc/arm-none-eabi/10.3.1/include"
ignoring nonexistent directory "d:\st\stm32cubeide_1.7.0\stm32cubeide\plugins\com.st.stm32cube.ide.mcu.externaltools.gnu-tools-for-stm32.10.3-2021.10.win32_1.0.0.202111181127\tools\bin\../arm-none-eabi/build/gnu-tools-for-stm32_10.3-2021.10.20211105-1100/install-mingw/lib/gcc/arm-none-eabi/10.3.1/../../../../include"
ignoring duplicate directory "d:/st/stm32cubeide_1.7.0/stm32cubeide/plugins/com.st.stm32cube.ide.mcu.externaltools.gnu-tools-for-stm32.10.3-2021.10.win32_1.0.0.202111181127/tools/lib/gcc/../../lib/gcc/arm-none-eabi/10.3.1/include-fixed"
ignoring duplicate directory "d:/st/stm32cubeide_1.7.0/stm32cubeide/plugins/com.st.stm32cube.ide.mcu.externaltools.gnu-tools-for-stm32.10.3-2021.10.win32_1.0.0.202111181127/tools/lib/gcc/../../lib/gcc/arm-none-eabi/10.3.1/../../../../arm-none-eabi/include"
ignoring nonexistent directory "d:\st\stm32cubeide_1.7.0\stm32cubeide\plugins\com.st.stm32cube.ide.mcu.externaltools.gnu-tools-for-stm32.10.3-2021.10.win32_1.0.0.202111181127\tools\bin\../arm-none-eabi/usr/include"
#include "..." search starts here:
#include <...> search starts here:
 E:/GIt/ALIENTEK-STM32F767-/STM32F767_DriverLib
 E:/GIt/ALIENTEK-STM32F767-/STM32F767_ApplicationLib
 d:\st\stm32cubeide_1.7.0\stm32cubeide\plugins\com.st.stm32cube.ide.mcu.externaltools.gnu-tools-for-stm32.10.3-2021.10.win32_1.0.0.202111181127\tools\bin\../arm-none-eabi/include/newlib-nano
 d:\st\stm32cubeide_1.7.0\stm32cubeide\plugins\com.st.stm32cube.ide.mcu.externaltools.gnu-tools-for-stm32.10.3-2021.10.win32_1.0.0.202111181127\tools\bin\../lib/gcc/arm-none-eabi/10.3.1/include
 d:\st\stm32cubeide_1.7.0\stm32cubeide\plugins\com.st.stm32cube.ide.mcu.externaltools.gnu-tools-for-stm32.10.3-2021.10.win32_1.0.0.202111181127\tools\bin\../lib/gcc/arm-none-eabi/10.3.1/include-fixed
 d:\st\stm32cubeide_1.7.0\stm32cubeide\plugins\com.st.stm32cube.ide.mcu.externaltools.gnu-tools-for-stm32.10.3-2021.10.win32_1.0.0.202111181127\tools\bin\../lib/gcc/arm-none-eabi/10.3.1/../../../../arm-none-eabi/include
End of search list.
GNU C17 (GNU Tools for STM32 10.3-2021.10.20211105-1100) version 10.3.1 20210824 (release) (arm-none-eabi)
	compiled by GNU C version 7.3-win32 20180312, GMP version 6.1.0, MPFR version 3.1.4, MPC version 1.0.3, isl version isl-0.18-GMP

GGC heuristics: --param ggc-min-expand=100 --param ggc-min-heapsize=131072
Compiler executable checksum: 63dc17b0c14aab4cf1c67a314bcde1e5
../stm32f767_startup.c:26:10: fatal error: xApplication_MCU/Core/SCB/SCB.h: No such file or directory
   26 | #include <xApplication_MCU/Core/SCB/SCB.h>
      |          ^~~~~~~~~~~~~~~~~~~~~~~~~~~~~~~~~
compilation terminated.
make: *** [subdir.mk:19: stm32f767_startup.o] Error 1
"make -j16 all" terminated with exit code 2. Build might be incomplete.

01:29:03 Build Failed. 2 errors, 0 warnings. (took 542ms)

